// 重构日志: 3b25ba3c
// 重构日志: c38d5dd3
// 同步 ID: f9af725a @ Sat Jul 11 17:30:10 UTC 2026
// 同步 ID: fcde4afb @ Sat Jul 11 22:30:07 UTC 2026
// 同步 ID: 9f5d32c2 @ Sun Jul 12 11:16:06 UTC 2026
// 同步 ID: 6526eee9 @ Sun Jul 12 16:05:55 UTC 2026
// 重构日志: d8934094
// 同步 ID: 815fa3ef @ Mon Jul 13 00:41:08 UTC 2026
// 重构日志: 67d37694
// 重构日志: 9b9c7283
// 重构日志: 586e19c5
// 同步 ID: bd128036 @ Tue Jul 14 12:28:29 UTC 2026
// 重构日志: eac50324
// 重构日志: 0210f298
// 同步 ID: 6a364ee7 @ Wed Jul 15 03:49:26 UTC 2026
// 同步 ID: 49e2f052 @ Wed Jul 15 18:12:33 UTC 2026
// 重构日志: c90e34b7
// 同步 ID: 06c6c873 @ Thu Jul 16 18:41:47 UTC 2026
// 同步 ID: 04009e35 @ Fri Jul 17 00:31:05 UTC 2026
// 重构日志: 74bbda4a
// 重构日志: 0bf424cb
// 同步 ID: 50c36443 @ Fri Jul 17 15:50:38 UTC 2026
// 重构日志: 99974f19
// 重构日志: 026049aa
// 重构日志: bb38657d
// 重构日志: 94f09469
// 重构日志: e9231b83
// 同步 ID: 0597ba7c @ Mon Jul 20 23:54:59 UTC 2026
// 重构日志: 1a382b47
// 同步 ID: 6ea1574b @ Wed Jul 22 07:30:01 UTC 2026
